<?xml version="1.0" encoding="UTF-8"?>
<!-- Generated by org.testng.reporters.JUnitReportReporter -->
<testsuite hostname="Revathysyam" failures="0" tests="1" name="AntlingTestt.Createacctest" time="19.184" errors="0" timestamp="2024-04-05T16:34:00 IST" skipped="0">
  <testcase classname="AntlingTestt.Createacctest" name="antlingtest" time="19.184"/>
  <system-out/>
</testsuite> <!-- AntlingTestt.Createacctest -->
