<?xml version="1.0" encoding="UTF-8"?>
<!-- Generated by org.testng.reporters.JUnitReportReporter -->
<testsuite hostname="Revathysyam" failures="0" tests="1" name="AntlingTestt.Logouttest" time="13.714" errors="0" timestamp="2024-04-05T16:42:33 IST" skipped="0">
  <testcase classname="AntlingTestt.Logouttest" name="antlingtest" time="13.714"/>
  <system-out/>
</testsuite> <!-- AntlingTestt.Logouttest -->
