<?xml version="1.0" encoding="UTF-8"?>
<!-- Generated by org.testng.reporters.JUnitReportReporter -->
<testsuite hostname="Revathysyam" failures="0" tests="1" name="AntlingTestt.Carttestt" time="10.496" errors="0" timestamp="2024-04-05T16:38:19 IST" skipped="0">
  <testcase classname="AntlingTestt.Carttestt" name="cartmtd" time="10.496"/>
  <system-out/>
</testsuite> <!-- AntlingTestt.Carttestt -->
